生成启动时间为 11/17/15 9:31:52 PM。
     1>项目“C:\Users\Harold_LIU\Source\Repos\WindowsProgramming\MathPlottingTool\MathPlottingTool\MathPlottingTool.vcxproj”在节点 2 上(Build 个目标)。
     1>ClCompile:
         C:\Program Files (x86)\Microsoft Visual Studio 14.0\VC\bin\CL.exe /c /ZI /nologo /W3 /WX- /sdl /Od /Oy- /D WIN32 /D _DEBUG /D _WINDOWS /D _UNICODE /D UNICODE /Gm /EHsc /MDd /GS /fp:precise /Zc:wchar_t /Zc:forScope /Zc:inline /Fo"Debug\\" /Fd"Debug\vc140.pdb" /Gd /TP /analyze- /errorReport:prompt CoordinatesView.cpp MainController.cpp
         CoordinatesView.cpp
     1>c:\users\harold_liu\source\repos\windowsprogramming\mathplottingtool\mathplottingtool\coordinatesview.cpp(62): warning C4244: “参数”: 从“double”转换到“int”，可能丢失数据
     1>c:\users\harold_liu\source\repos\windowsprogramming\mathplottingtool\mathplottingtool\coordinatesview.cpp(193): warning C4018: “<”: 有符号/无符号不匹配
         正在生成代码...
         正在编译...
         MainController.cpp
     1>c:\users\harold_liu\source\repos\windowsprogramming\mathplottingtool\mathplottingtool\maincontroller.cpp(26): warning C4091: “static ”: 没有声明变量时忽略“const Const”的左侧
         正在生成代码...
       Link:
         C:\Program Files (x86)\Microsoft Visual Studio 14.0\VC\bin\link.exe /ERRORREPORT:PROMPT /OUT:"C:\Users\Harold_LIU\Source\Repos\WindowsProgramming\MathPlottingTool\Debug\MathPlottingTool.exe" /INCREMENTAL /NOLOGO kernel32.lib user32.lib gdi32.lib winspool.lib comdlg32.lib advapi32.lib shell32.lib ole32.lib oleaut32.lib uuid.lib odbc32.lib odbccp32.lib /MANIFEST /MANIFESTUAC:"level='asInvoker' uiAccess='false'" /manifest:embed /Debug /PDB:"C:\Users\Harold_LIU\Source\Repos\WindowsProgramming\MathPlottingTool\Debug\MathPlottingTool.pdb" /SUBSYSTEM:WINDOWS /TLBID:1 /DYNAMICBASE /NXCOMPAT /IMPLIB:"C:\Users\Harold_LIU\Source\Repos\WindowsProgramming\MathPlottingTool\Debug\MathPlottingTool.lib" /MACHINE:X86 Debug\CoordinatesView.obj
         Debug\error.obj
         Debug\functions.obj
         Debug\MainController.obj
         Debug\parser.obj
         Debug\PaserModel.obj
         Debug\variablelist.obj
         MathPlottingTool.vcxproj -> C:\Users\Harold_LIU\Source\Repos\WindowsProgramming\MathPlottingTool\Debug\MathPlottingTool.exe
     1>已完成生成项目“C:\Users\Harold_LIU\Source\Repos\WindowsProgramming\MathPlottingTool\MathPlottingTool\MathPlottingTool.vcxproj”(Build 个目标)的操作。

已成功生成。

已用时间 00:00:03.72
